<?xml version="1.0" encoding="UTF-8"?>
<!-- Generated by org.testng.reporters.JUnitXMLReporter -->
<testsuite hostname="DESKTOP-M2NN6CV" ignored="1" name="Default test" tests="1" failures="0" timestamp="2021-03-31T21:07:08 IST" time="0.118" errors="0">
  <testcase name="bankName" time="0.067" classname="testCases.BankManagerLoginTest"/>
  <testcase name="loginAsBankManager" time="0.0" classname="testCases.BankManagerLoginTest">
    <ignored/>
  </testcase> <!-- loginAsBankManager -->
</testsuite> <!-- Default test -->
