<?xml version="1.0" encoding="UTF-8"?>
<!-- Generated by org.testng.reporters.JUnitXMLReporter -->
<testsuite hostname="DESKTOP-M2NN6CV" ignored="0" name="Add Customer Test" tests="3" failures="0" timestamp="2021-04-01T15:55:56 IST" time="5.409" errors="0">
  <testcase name="addCustomerTest" time="2.906" classname="testCases.AddCustomerTest"/>
  <testcase name="addCustomerTest" time="0.012" classname="testCases.AddCustomerTest">
    <skipped/>
  </testcase> <!-- addCustomerTest -->
  <testcase name="addCustomerTest" time="2.443" classname="testCases.AddCustomerTest"/>
</testsuite> <!-- Add Customer Test -->
