<?xml version="1.0" encoding="UTF-8"?>
<!-- Generated by org.testng.reporters.JUnitXMLReporter -->
<testsuite hostname="DESKTOP-M2NN6CV" ignored="0" name="Bank Manager Login Test" tests="1" failures="1" timestamp="2021-03-30T14:37:27 IST" time="0.372" errors="0">
  <testcase name="LoginAsBankManager" time="0.311" classname="testCases.BankManagerLoginTest">
    <failure type="java.lang.AssertionError" message="expected [true] but found [false]">
      <![CDATA[java.lang.AssertionError: expected [true] but found [false]
at testCases.BankManagerLoginTest.LoginAsBankManager(BankManagerLoginTest.java:21)
at java.util.ArrayList.forEach(ArrayList.java:1259)
... Removed 31 stack frames]]>
    </failure>
  </testcase> <!-- LoginAsBankManager -->
</testsuite> <!-- Bank Manager Login Test -->
