-------------------------------------------------------------------------------
Test set: TestSuite
-------------------------------------------------------------------------------
Tests run: 1, Failures: 1, Errors: 0, Skipped: 0, Time elapsed: 6.244 s <<< FAILURE! - in TestSuite
testCases.LoginTest.LoginAsBankManager  Time elapsed: 0.006 s  <<< FAILURE!
java.lang.IllegalArgumentException: Cannot find elements when the selector is null
	at testCases.LoginTest.LoginAsBankManager(LoginTest.java:12)

