<?xml version="1.0" encoding="UTF-8"?>
<testng-results skipped="0" failed="0" ignored="0" total="3" passed="3">
  <reporter-output>
  </reporter-output>
  <suite name="Data Driven" duration-ms="1677" started-at="2021-03-31T15:37:47Z" finished-at="2021-03-31T15:37:49Z">
    <groups>
    </groups>
    <test name="Bank Manager Login Test" duration-ms="468" started-at="2021-03-31T15:37:47Z" finished-at="2021-03-31T15:37:48Z">
      <class name="testCases.BankManagerLoginTest">
        <test-method status="PASS" signature="bankName()[pri:0, instance:testCases.BankManagerLoginTest@72d6b3ba]" name="bankName" duration-ms="104" started-at="2021-03-31T21:07:47Z" finished-at="2021-03-31T21:07:47Z">
          <reporter-output>
          </reporter-output>
        </test-method> <!-- bankName -->
        <test-method status="PASS" signature="loginAsBankManager()[pri:0, instance:testCases.BankManagerLoginTest@72d6b3ba]" name="loginAsBankManager" duration-ms="334" started-at="2021-03-31T21:07:47Z" finished-at="2021-03-31T21:07:48Z">
          <reporter-output>
          </reporter-output>
        </test-method> <!-- loginAsBankManager -->
      </class> <!-- testCases.BankManagerLoginTest -->
    </test> <!-- Bank Manager Login Test -->
    <test name="Add Customer Test" duration-ms="757" started-at="2021-03-31T15:37:48Z" finished-at="2021-03-31T15:37:49Z">
      <class name="testCases.AddCustomerTest">
        <test-method status="PASS" signature="setUp()[pri:0, instance:testCases.AddCustomerTest@dc9876b]" name="setUp" is-config="true" duration-ms="3757" started-at="2021-03-31T21:07:43Z" finished-at="2021-03-31T21:07:47Z">
          <reporter-output>
          </reporter-output>
        </test-method> <!-- setUp -->
        <test-method status="PASS" signature="addCustomerTest(java.lang.String, java.lang.String, java.lang.String)[pri:0, instance:testCases.AddCustomerTest@dc9876b]" name="addCustomerTest" duration-ms="731" started-at="2021-03-31T21:07:48Z" data-provider="getData" finished-at="2021-03-31T21:07:49Z">
          <params>
            <param index="0">
              <value>
                <![CDATA[Raam]]>
              </value>
            </param>
            <param index="1">
              <value>
                <![CDATA[mishra]]>
              </value>
            </param>
            <param index="2">
              <value>
                <![CDATA[a234wd]]>
              </value>
            </param>
          </params>
          <reporter-output>
          </reporter-output>
        </test-method> <!-- addCustomerTest -->
        <test-method status="PASS" signature="tearDown()[pri:0, instance:testCases.AddCustomerTest@dc9876b]" name="tearDown" is-config="true" duration-ms="754" started-at="2021-03-31T21:07:49Z" finished-at="2021-03-31T21:07:50Z">
          <reporter-output>
          </reporter-output>
        </test-method> <!-- tearDown -->
      </class> <!-- testCases.AddCustomerTest -->
    </test> <!-- Add Customer Test -->
  </suite> <!-- Data Driven -->
</testng-results>
