<?xml version="1.0" encoding="UTF-8"?>
<testsuite name="Add Customer Test"
           tests="3"
           failures="0"
           errors="0"
           skipped="1"
           time="5.361">
  <properties />
  
            <testcase name="addCustomerTest" time="0.0" classname="testCases.AddCustomerTest">
          <skipped />
    </testcase>
  
            <testcase name="addCustomerTest" time="2.906" classname="testCases.AddCustomerTest" />
                <testcase name="addCustomerTest" time="2.443" classname="testCases.AddCustomerTest" />
      
</testsuite>
