<?xml version="1.0" encoding="UTF-8"?>
<testng-results skipped="0" failed="0" ignored="0" total="1" passed="1">
  <reporter-output>
  </reporter-output>
  <suite name="Data Driven" duration-ms="5208" started-at="2021-03-28T19:59:03 IST" finished-at="2021-03-28T19:59:08 IST">
    <groups>
    </groups>
    <test name="Login Test" duration-ms="5208" started-at="2021-03-28T19:59:03 IST" finished-at="2021-03-28T19:59:08 IST">
      <class name="testCases.LoginTest">
        <test-method status="PASS" signature="setUp()[pri:0, instance:testCases.LoginTest@2bbf4b8b]" name="setUp" is-config="true" duration-ms="4813" started-at="2021-03-28T19:58:58 IST" finished-at="2021-03-28T19:59:03 IST">
          <reporter-output>
          </reporter-output>
        </test-method> <!-- setUp -->
        <test-method status="PASS" signature="LoginAsBankManager()[pri:0, instance:testCases.LoginTest@2bbf4b8b]" name="LoginAsBankManager" duration-ms="5148" started-at="2021-03-28T19:59:03 IST" finished-at="2021-03-28T19:59:08 IST">
          <reporter-output>
          </reporter-output>
        </test-method> <!-- LoginAsBankManager -->
        <test-method status="PASS" signature="tesrDown()[pri:0, instance:testCases.LoginTest@2bbf4b8b]" name="tesrDown" is-config="true" duration-ms="755" started-at="2021-03-28T19:59:08 IST" finished-at="2021-03-28T19:59:09 IST">
          <reporter-output>
          </reporter-output>
        </test-method> <!-- tesrDown -->
      </class> <!-- testCases.LoginTest -->
    </test> <!-- Login Test -->
  </suite> <!-- Data Driven -->
</testng-results>
