<?xml version="1.0" encoding="UTF-8"?>
<testng-results skipped="0" failed="0" ignored="1" total="2" passed="1">
  <reporter-output>
  </reporter-output>
  <suite name="Default suite" duration-ms="118" started-at="2021-03-31T21:07:08 IST" finished-at="2021-03-31T21:07:08 IST">
    <groups>
    </groups>
    <test name="Default test" duration-ms="118" started-at="2021-03-31T21:07:08 IST" finished-at="2021-03-31T21:07:08 IST">
      <class name="testCases.BankManagerLoginTest">
        <test-method status="PASS" signature="setUp()[pri:0, instance:testCases.BankManagerLoginTest@752325ad]" name="setUp" is-config="true" duration-ms="4781" started-at="2021-03-31T21:07:03 IST" finished-at="2021-03-31T21:07:08 IST">
          <reporter-output>
          </reporter-output>
        </test-method> <!-- setUp -->
        <test-method status="PASS" signature="bankName()[pri:0, instance:testCases.BankManagerLoginTest@752325ad]" name="bankName" duration-ms="67" started-at="2021-03-31T21:07:08 IST" finished-at="2021-03-31T21:07:08 IST">
          <reporter-output>
          </reporter-output>
        </test-method> <!-- bankName -->
        <test-method status="PASS" signature="tearDown()[pri:0, instance:testCases.BankManagerLoginTest@752325ad]" name="tearDown" is-config="true" duration-ms="819" started-at="2021-03-31T21:07:08 IST" finished-at="2021-03-31T21:07:09 IST">
          <reporter-output>
          </reporter-output>
        </test-method> <!-- tearDown -->
      </class> <!-- testCases.BankManagerLoginTest -->
    </test> <!-- Default test -->
  </suite> <!-- Default suite -->
</testng-results>
